2023/09/22 12:31:41 [[34mDEBUG[0m] configs=[Opts { rust_input_path: "/home/kate/Documents/GitLab/patina/native/src/api.rs", dart_output_path: "/home/kate/Documents/GitLab/patina/lib/gen/bridge_generated.dart", dart_decl_output_path: Some("/home/kate/Documents/GitLab/patina/lib/gen/bridge_definitions.dart"), c_output_path: ["/home/kate/Documents/GitLab/patina/macos/Runner/bridge_generated.h", "ios/Runner/bridge_generated.h"], rust_crate_dir: "/home/kate/Documents/GitLab/patina/native", rust_output_path: "/home/kate/Documents/GitLab/patina/native/src/bridge_generated.rs", class_name: "Native", dart_format_line_length: 80, dart_enums_style: false, skip_add_mod_to_lib: false, llvm_path: ["/opt/homebrew/opt/llvm", "/usr/local/opt/llvm", "/usr/lib/llvm-9", "/usr/lib/llvm-10", "/usr/lib/llvm-11", "/usr/lib/llvm-12", "/usr/lib/llvm-13", "/usr/lib/llvm-14", "/usr/lib/", "/usr/lib64/", "C:/Program Files/llvm", "C:/msys64/mingw64"], llvm_compiler_opts: "", manifest_path: "/home/kate/Documents/GitLab/patina/native/Cargo.toml", dart_root: Some("/home/kate/Documents/GitLab/patina"), build_runner: true, block_index: BlockIndex(0), skip_deps_check: false, wasm_enabled: true, inline_rust: false, bridge_in_method: true, extra_headers: "", dart3: true, keep_going: false }]
2023/09/22 12:31:41 [[32mINFO[0m] Running cargo expand in '/home/kate/Documents/GitLab/patina/native'
2023/09/22 12:31:41 [[34mDEBUG[0m] execute command: bin=cargo args="expand --theme=none --ugly" current_dir=Some("/home/kate/Documents/GitLab/patina/native") cmd=cd "/home/kate/Documents/GitLab/patina/native" && "cargo" "expand" "--theme=none" "--ugly"
2023/09/22 12:31:41 [[33mWARN[0m] command=cd "/home/kate/Documents/GitLab/patina/native" && "cargo" "expand" "--theme=none" "--ugly" stdout= stderr=error: no such command: `expand`

	View all installed commands with `cargo --list`

2023/09/22 12:31:41 [[31mERROR[0m] panicked at 'cargo expand is not installed. Please run  `cargo install cargo-expand`', /home/kate/.cargo/registry/src/index.crates.io-6f17d22bba15001f/flutter_rust_bridge_codegen-1.82.1/src/commands.rs:312:21
2023/09/22 12:34:37 [[34mDEBUG[0m] configs=[Opts { rust_input_path: "/home/kate/Documents/GitLab/patina/native/src/api.rs", dart_output_path: "/home/kate/Documents/GitLab/patina/lib/gen/bridge_generated.dart", dart_decl_output_path: Some("/home/kate/Documents/GitLab/patina/lib/gen/bridge_definitions.dart"), c_output_path: ["/home/kate/Documents/GitLab/patina/macos/Runner/bridge_generated.h", "ios/Runner/bridge_generated.h"], rust_crate_dir: "/home/kate/Documents/GitLab/patina/native", rust_output_path: "/home/kate/Documents/GitLab/patina/native/src/bridge_generated.rs", class_name: "Native", dart_format_line_length: 80, dart_enums_style: false, skip_add_mod_to_lib: false, llvm_path: ["/opt/homebrew/opt/llvm", "/usr/local/opt/llvm", "/usr/lib/llvm-9", "/usr/lib/llvm-10", "/usr/lib/llvm-11", "/usr/lib/llvm-12", "/usr/lib/llvm-13", "/usr/lib/llvm-14", "/usr/lib/", "/usr/lib64/", "C:/Program Files/llvm", "C:/msys64/mingw64"], llvm_compiler_opts: "", manifest_path: "/home/kate/Documents/GitLab/patina/native/Cargo.toml", dart_root: Some("/home/kate/Documents/GitLab/patina"), build_runner: true, block_index: BlockIndex(0), skip_deps_check: false, wasm_enabled: true, inline_rust: false, bridge_in_method: true, extra_headers: "", dart3: true, keep_going: false }]
2023/09/22 12:34:37 [[32mINFO[0m] Running cargo expand in '/home/kate/Documents/GitLab/patina/native'
2023/09/22 12:34:37 [[34mDEBUG[0m] execute command: bin=cargo args="expand --theme=none --ugly" current_dir=Some("/home/kate/Documents/GitLab/patina/native") cmd=cd "/home/kate/Documents/GitLab/patina/native" && "cargo" "expand" "--theme=none" "--ugly"
2023/09/22 12:34:38 [[33mWARN[0m] command=cd "/home/kate/Documents/GitLab/patina/native" && "cargo" "expand" "--theme=none" "--ugly" stdout= stderr=    Updating crates.io index
error: failed to get `discovery` as a dependency of package `native v0.1.0 (/home/kate/Documents/GitLab/patina/native)`
Caused by:
  failed to load source for dependency `discovery`
Caused by:
  Unable to update /home/kate/Documents/GitLab/patina/rustfk/libs/discovery
Caused by:
  failed to read `/home/kate/Documents/GitLab/patina/rustfk/libs/discovery/Cargo.toml`
Caused by:
  No such file or directory (os error 2)

2023/09/22 12:34:38 [[31mERROR[0m] panicked at 'cargo expand returned empty output', /home/kate/.cargo/registry/src/index.crates.io-6f17d22bba15001f/flutter_rust_bridge_codegen-1.82.1/src/commands.rs:316:17
